0 info it worked if it ends with ok
1 verbose cli [ 'C:\\Program Files\\nodejs\\\\node.exe',
1 verbose cli   'C:\\Program Files\\nodejs\\node_modules\\npm\\bin\\npm-cli.js',
1 verbose cli   'install' ]
2 info using npm@1.4.28
3 info using node@v0.10.35
4 verbose node symlink C:\Program Files\nodejs\\node.exe
5 verbose readDependencies using package.json deps
6 verbose install where, deps [ 'C:\\Users\\ssarip1\\WebstormProjects\\dummy',
6 verbose install   [ 'karma',
6 verbose install     'protractor',
6 verbose install     'http-server',
6 verbose install     'bower',
6 verbose install     'shelljs',
6 verbose install     'karma-junit-reporter' ] ]
7 info preinstall angular-seed@0.0.0
8 warn package.json karma-phantomjs-launcher@0.1.4 No README data
9 warn package.json karma-firefox-launcher@0.1.4 No README data
10 warn package.json karma-chrome-launcher@0.1.7 No README data
11 verbose readDependencies using package.json deps
12 verbose already installed skipping karma@~0.10 C:\Users\ssarip1\WebstormProjects\dummy
13 verbose already installed skipping protractor@^1.1.1 C:\Users\ssarip1\WebstormProjects\dummy
14 verbose already installed skipping http-server@^0.6.1 C:\Users\ssarip1\WebstormProjects\dummy
15 verbose already installed skipping bower@^1.3.1 C:\Users\ssarip1\WebstormProjects\dummy
16 verbose already installed skipping shelljs@^0.2.6 C:\Users\ssarip1\WebstormProjects\dummy
17 verbose already installed skipping karma-junit-reporter@^0.2.2 C:\Users\ssarip1\WebstormProjects\dummy
18 silly resolved []
19 info build C:\Users\ssarip1\WebstormProjects\dummy
20 verbose linkStuff [ false, false, false, 'C:\\Users\\ssarip1\\WebstormProjects' ]
21 info linkStuff angular-seed@0.0.0
22 verbose linkBins angular-seed@0.0.0
23 verbose linkMans angular-seed@0.0.0
24 verbose rebuildBundles angular-seed@0.0.0
25 verbose rebuildBundles [ '.bin',
25 verbose rebuildBundles   'bower',
25 verbose rebuildBundles   'http-server',
25 verbose rebuildBundles   'karma',
25 verbose rebuildBundles   'karma-chrome-launcher',
25 verbose rebuildBundles   'karma-coffee-preprocessor',
25 verbose rebuildBundles   'karma-firefox-launcher',
25 verbose rebuildBundles   'karma-html2js-preprocessor',
25 verbose rebuildBundles   'karma-jasmine',
25 verbose rebuildBundles   'karma-junit-reporter',
25 verbose rebuildBundles   'karma-phantomjs-launcher',
25 verbose rebuildBundles   'karma-requirejs',
25 verbose rebuildBundles   'karma-script-launcher',
25 verbose rebuildBundles   'protractor',
25 verbose rebuildBundles   'requirejs',
25 verbose rebuildBundles   'shelljs' ]
26 verbose rebuild bundle C:\Users\ssarip1\WebstormProjects\dummy\node_modules\karma-chrome-launcher
27 info build C:\Users\ssarip1\WebstormProjects\dummy\node_modules\karma-chrome-launcher
28 info preinstall karma-chrome-launcher@0.1.7
29 verbose linkStuff [ false,
29 verbose linkStuff   false,
29 verbose linkStuff   false,
29 verbose linkStuff   'C:\\Users\\ssarip1\\WebstormProjects\\dummy\\node_modules' ]
30 info linkStuff karma-chrome-launcher@0.1.7
31 verbose linkBins karma-chrome-launcher@0.1.7
32 verbose linkMans karma-chrome-launcher@0.1.7
33 verbose rebuildBundles karma-chrome-launcher@0.1.7
34 info install karma-chrome-launcher@0.1.7
35 info postinstall karma-chrome-launcher@0.1.7
36 verbose rebuild bundle C:\Users\ssarip1\WebstormProjects\dummy\node_modules\karma-coffee-preprocessor
37 info build C:\Users\ssarip1\WebstormProjects\dummy\node_modules\karma-coffee-preprocessor
38 info preinstall karma-coffee-preprocessor@0.1.3
39 verbose linkStuff [ false,
39 verbose linkStuff   false,
39 verbose linkStuff   false,
39 verbose linkStuff   'C:\\Users\\ssarip1\\WebstormProjects\\dummy\\node_modules' ]
40 info linkStuff karma-coffee-preprocessor@0.1.3
41 verbose linkBins karma-coffee-preprocessor@0.1.3
42 verbose linkMans karma-coffee-preprocessor@0.1.3
43 verbose rebuildBundles karma-coffee-preprocessor@0.1.3
44 verbose rebuildBundles [ '.bin', 'coffee-script' ]
45 info install karma-coffee-preprocessor@0.1.3
46 info postinstall karma-coffee-preprocessor@0.1.3
47 verbose rebuild bundle C:\Users\ssarip1\WebstormProjects\dummy\node_modules\karma-firefox-launcher
48 info build C:\Users\ssarip1\WebstormProjects\dummy\node_modules\karma-firefox-launcher
49 info preinstall karma-firefox-launcher@0.1.4
50 verbose linkStuff [ false,
50 verbose linkStuff   false,
50 verbose linkStuff   false,
50 verbose linkStuff   'C:\\Users\\ssarip1\\WebstormProjects\\dummy\\node_modules' ]
51 info linkStuff karma-firefox-launcher@0.1.4
52 verbose linkBins karma-firefox-launcher@0.1.4
53 verbose linkMans karma-firefox-launcher@0.1.4
54 verbose rebuildBundles karma-firefox-launcher@0.1.4
55 info install karma-firefox-launcher@0.1.4
56 info postinstall karma-firefox-launcher@0.1.4
57 verbose rebuild bundle C:\Users\ssarip1\WebstormProjects\dummy\node_modules\karma-html2js-preprocessor
58 info build C:\Users\ssarip1\WebstormProjects\dummy\node_modules\karma-html2js-preprocessor
59 info preinstall karma-html2js-preprocessor@0.1.0
60 verbose linkStuff [ false,
60 verbose linkStuff   false,
60 verbose linkStuff   false,
60 verbose linkStuff   'C:\\Users\\ssarip1\\WebstormProjects\\dummy\\node_modules' ]
61 info linkStuff karma-html2js-preprocessor@0.1.0
62 verbose linkBins karma-html2js-preprocessor@0.1.0
63 verbose linkMans karma-html2js-preprocessor@0.1.0
64 verbose rebuildBundles karma-html2js-preprocessor@0.1.0
65 info install karma-html2js-preprocessor@0.1.0
66 info postinstall karma-html2js-preprocessor@0.1.0
67 verbose rebuild bundle C:\Users\ssarip1\WebstormProjects\dummy\node_modules\karma-jasmine
68 info build C:\Users\ssarip1\WebstormProjects\dummy\node_modules\karma-jasmine
69 info preinstall karma-jasmine@0.1.5
70 verbose linkStuff [ false,
70 verbose linkStuff   false,
70 verbose linkStuff   false,
70 verbose linkStuff   'C:\\Users\\ssarip1\\WebstormProjects\\dummy\\node_modules' ]
71 info linkStuff karma-jasmine@0.1.5
72 verbose linkBins karma-jasmine@0.1.5
73 verbose linkMans karma-jasmine@0.1.5
74 verbose rebuildBundles karma-jasmine@0.1.5
75 info install karma-jasmine@0.1.5
76 info postinstall karma-jasmine@0.1.5
77 verbose rebuild bundle C:\Users\ssarip1\WebstormProjects\dummy\node_modules\karma-phantomjs-launcher
78 info build C:\Users\ssarip1\WebstormProjects\dummy\node_modules\karma-phantomjs-launcher
79 info preinstall karma-phantomjs-launcher@0.1.4
80 verbose linkStuff [ false,
80 verbose linkStuff   false,
80 verbose linkStuff   false,
80 verbose linkStuff   'C:\\Users\\ssarip1\\WebstormProjects\\dummy\\node_modules' ]
81 info linkStuff karma-phantomjs-launcher@0.1.4
82 verbose linkBins karma-phantomjs-launcher@0.1.4
83 verbose linkMans karma-phantomjs-launcher@0.1.4
84 verbose rebuildBundles karma-phantomjs-launcher@0.1.4
85 verbose rebuildBundles [ '.bin', 'phantomjs' ]
86 info install karma-phantomjs-launcher@0.1.4
87 info postinstall karma-phantomjs-launcher@0.1.4
88 verbose rebuild bundle C:\Users\ssarip1\WebstormProjects\dummy\node_modules\karma-requirejs
89 info build C:\Users\ssarip1\WebstormProjects\dummy\node_modules\karma-requirejs
90 info preinstall karma-requirejs@0.2.2
91 verbose linkStuff [ false,
91 verbose linkStuff   false,
91 verbose linkStuff   false,
91 verbose linkStuff   'C:\\Users\\ssarip1\\WebstormProjects\\dummy\\node_modules' ]
92 info linkStuff karma-requirejs@0.2.2
93 verbose linkBins karma-requirejs@0.2.2
94 verbose linkMans karma-requirejs@0.2.2
95 verbose rebuildBundles karma-requirejs@0.2.2
96 info install karma-requirejs@0.2.2
97 info postinstall karma-requirejs@0.2.2
98 verbose rebuild bundle C:\Users\ssarip1\WebstormProjects\dummy\node_modules\karma-script-launcher
99 info build C:\Users\ssarip1\WebstormProjects\dummy\node_modules\karma-script-launcher
100 info preinstall karma-script-launcher@0.1.0
101 verbose linkStuff [ false,
101 verbose linkStuff   false,
101 verbose linkStuff   false,
101 verbose linkStuff   'C:\\Users\\ssarip1\\WebstormProjects\\dummy\\node_modules' ]
102 info linkStuff karma-script-launcher@0.1.0
103 verbose linkBins karma-script-launcher@0.1.0
104 verbose linkMans karma-script-launcher@0.1.0
105 verbose rebuildBundles karma-script-launcher@0.1.0
106 info install karma-script-launcher@0.1.0
107 info postinstall karma-script-launcher@0.1.0
108 verbose rebuild bundle C:\Users\ssarip1\WebstormProjects\dummy\node_modules\requirejs
109 info build C:\Users\ssarip1\WebstormProjects\dummy\node_modules\requirejs
110 info preinstall requirejs@2.1.15
111 verbose linkStuff [ false,
111 verbose linkStuff   false,
111 verbose linkStuff   false,
111 verbose linkStuff   'C:\\Users\\ssarip1\\WebstormProjects\\dummy\\node_modules' ]
112 info linkStuff requirejs@2.1.15
113 verbose linkBins requirejs@2.1.15
114 verbose link bins [ { 'r.js': './bin/r.js' },
114 verbose link bins   'C:\\Users\\ssarip1\\WebstormProjects\\dummy\\node_modules\\.bin',
114 verbose link bins   false ]
115 verbose linkMans requirejs@2.1.15
116 verbose rebuildBundles requirejs@2.1.15
117 info install requirejs@2.1.15
118 info postinstall requirejs@2.1.15
119 info install angular-seed@0.0.0
120 info postinstall angular-seed@0.0.0
121 verbose unsafe-perm in lifecycle true
122 info angular-seed@0.0.0 Failed to exec postinstall script
123 error angular-seed@0.0.0 postinstall: `bower install`
123 error Exit status 1
124 error Failed at the angular-seed@0.0.0 postinstall script.
124 error This is most likely a problem with the angular-seed package,
124 error not with npm itself.
124 error Tell the author that this fails on your system:
124 error     bower install
124 error You can get their info via:
124 error     npm owner ls angular-seed
124 error There is likely additional logging output above.
125 error System Windows_NT 6.1.7601
126 error command "C:\\Program Files\\nodejs\\\\node.exe" "C:\\Program Files\\nodejs\\node_modules\\npm\\bin\\npm-cli.js" "install"
127 error cwd C:\Users\ssarip1\WebstormProjects\dummy
128 error node -v v0.10.35
129 error npm -v 1.4.28
130 error code ELIFECYCLE
131 verbose exit [ 1, true ]
